[debug] [2018-06-02T08:31:51.226Z] ----------------------------------------------------------------------
[debug] [2018-06-02T08:31:51.228Z] Command:       /usr/local/lib/node_modules/node/bin/node /usr/local/bin/firebase deploy
[debug] [2018-06-02T08:31:51.228Z] CLI Version:   3.18.4
[debug] [2018-06-02T08:31:51.228Z] Platform:      darwin
[debug] [2018-06-02T08:31:51.229Z] Node Version:  v9.10.1
[debug] [2018-06-02T08:31:51.229Z] Time:          Sat Jun 02 2018 17:31:51 GMT+0900 (KST)
[debug] [2018-06-02T08:31:51.229Z] ----------------------------------------------------------------------
[debug] 
[debug] [2018-06-02T08:31:51.239Z] > command requires scopes: ["email","openid","https://www.googleapis.com/auth/cloudplatformprojects.readonly","https://www.googleapis.com/auth/firebase","https://www.googleapis.com/auth/cloud-platform"]
[debug] [2018-06-02T08:31:51.243Z] > authorizing via signed-in user
[debug] [2018-06-02T08:31:51.245Z] >>> HTTP REQUEST GET https://admin.firebase.com/v1/projects/ar-funiture  
  
 Sat Jun 02 2018 17:31:51 GMT+0900 (KST)
[debug] [2018-06-02T08:31:52.414Z] <<< HTTP RESPONSE 200
[debug] [2018-06-02T08:31:52.415Z] >>> HTTP REQUEST GET https://admin.firebase.com/v1/database/ar-funiture/tokens  
  
 Sat Jun 02 2018 17:31:52 GMT+0900 (KST)
[debug] [2018-06-02T08:31:53.333Z] <<< HTTP RESPONSE 200
[info] 
[info] === Deploying to 'ar-funiture'...
[info] 
[info] i  deploying database, storage, hosting
[info] i  database: checking rules syntax...
[debug] [2018-06-02T08:31:54.489Z] >>> HTTP REQUEST PUT https://ar-funiture.firebaseio.com/.settings/rules.json?dryRun=true  
 {
  "rules": {
    ".read": "auth != null",
    ".write": "auth != null"
  }
} 
 Sat Jun 02 2018 17:31:54 GMT+0900 (KST)
[debug] [2018-06-02T08:31:55.998Z] <<< HTTP RESPONSE 200
[info] ✔  database: rules syntax for database ar-funiture is valid
[debug] [2018-06-02T08:31:56.000Z] >>> HTTP REQUEST GET https://appengine.googleapis.com/v1/apps/ar-funiture  
  
 Sat Jun 02 2018 17:31:56 GMT+0900 (KST)
[debug] [2018-06-02T08:32:00.092Z] <<< HTTP RESPONSE 200
[info] i  storage: checking storage.rules for compilation errors...
[debug] [2018-06-02T08:32:00.094Z] >>> HTTP REQUEST POST https://firebaserules.googleapis.com/v1/projects/ar-funiture:test  
 { source: { files: [ [Object] ] } } 
 Sat Jun 02 2018 17:32:00 GMT+0900 (KST)
[debug] [2018-06-02T08:32:01.628Z] <<< HTTP RESPONSE 200
[info] ✔  storage: rules file storage.rules compiled successfully
[info] i  storage: uploading rules storage.rules...
[debug] [2018-06-02T08:32:01.631Z] >>> HTTP REQUEST POST https://firebaserules.googleapis.com/v1/projects/ar-funiture/rulesets  
 { source: { files: [ [Object] ] } } 
 Sat Jun 02 2018 17:32:01 GMT+0900 (KST)
[debug] [2018-06-02T08:32:03.163Z] <<< HTTP RESPONSE 200
[debug] [2018-06-02T08:32:03.164Z] [rules] created ruleset projects/ar-funiture/rulesets/d145deb9-005d-4a89-a8df-c7589e23b97b
[info] i  hosting: preparing build directory for upload...
[debug] [2018-06-02T08:32:07.091Z] >>> HTTP REQUEST PUT https://deploy.firebase.com/v1/hosting/ar-funiture/uploads/-LDzbzNAXdzLJgQbDTXZ?fileCount=101&message=  
  
 Sat Jun 02 2018 17:32:07 GMT+0900 (KST)
